<?xml version="1.0" encoding="UTF-8"?>
<testng-results skipped="0" failed="0" total="1" passed="1">
  <reporter-output>
  </reporter-output>
  <suite name="Suite" duration-ms="20" started-at="2016-08-31T12:09:01Z" finished-at="2016-08-31T12:09:01Z">
    <groups>
    </groups>
    <test name="Test" duration-ms="20" started-at="2016-08-31T12:09:01Z" finished-at="2016-08-31T12:09:01Z">
      <class name="JenkinsPkg.Test_test">
        <test-method status="PASS" signature="testMathod()[pri:0, instance:JenkinsPkg.Test_test@5333dfe5]" name="testMathod" duration-ms="10" started-at="2016-08-31T17:39:01Z" finished-at="2016-08-31T17:39:01Z">
          <reporter-output>
          </reporter-output>
        </test-method> <!-- testMathod -->
      </class> <!-- JenkinsPkg.Test_test -->
    </test> <!-- Test -->
  </suite> <!-- Suite -->
</testng-results>
